[2023-07-11 08:40:14] local.ERROR: SQLSTATE[42S02]: Base table or view not found: 1146 Table 'laravel.telescope_entries' doesn't exist (Connection: mysql, SQL: insert into `telescope_entries` (`batch_id`, `content`, `created_at`, `family_hash`, `type`, `uuid`) values (999dd9b4-e4d9-45bf-a90c-30e859bc1b79, {"command":"vendor:publish","exit_code":0,"arguments":{"command":"vendor:publish"},"options":{"existing":false,"force":true,"all":false,"provider":null,"tag":["laravel-assets"],"help":false,"quiet":false,"verbose":false,"version":false,"ansi":true,"no-interaction":false,"env":null},"hostname":"MacBook.local"}, 2023-07-11 08:40:14, ?, command, 999dd9b4-e0eb-44ad-8d1d-24f7e669ba43)) {"exception":"[object] (Illuminate\\Database\\QueryException(code: 42S02): SQLSTATE[42S02]: Base table or view not found: 1146 Table 'laravel.telescope_entries' doesn't exist (Connection: mysql, SQL: insert into `telescope_entries` (`batch_id`, `content`, `created_at`, `family_hash`, `type`, `uuid`) values (999dd9b4-e4d9-45bf-a90c-30e859bc1b79, {\"command\":\"vendor:publish\",\"exit_code\":0,\"arguments\":{\"command\":\"vendor:publish\"},\"options\":{\"existing\":false,\"force\":true,\"all\":false,\"provider\":null,\"tag\":[\"laravel-assets\"],\"help\":false,\"quiet\":false,\"verbose\":false,\"version\":false,\"ansi\":true,\"no-interaction\":false,\"env\":null},\"hostname\":\"MacBook.local\"}, 2023-07-11 08:40:14, ?, command, 999dd9b4-e0eb-44ad-8d1d-24f7e669ba43)) at /Users/sekiguchi/dev/tracking-app-dev/src_backend_laravel-10/vendor/laravel/framework/src/Illuminate/Database/Connection.php:795)
[stacktrace]
#0 /Users/sekiguchi/dev/tracking-app-dev/src_backend_laravel-10/vendor/laravel/framework/src/Illuminate/Database/Connection.php(755): Illuminate\\Database\\Connection->runQueryCallback('insert into `te...', Array, Object(Closure))
#1 /Users/sekiguchi/dev/tracking-app-dev/src_backend_laravel-10/vendor/laravel/framework/src/Illuminate/Database/Connection.php(581): Illuminate\\Database\\Connection->run('insert into `te...', Array, Object(Closure))
#2 /Users/sekiguchi/dev/tracking-app-dev/src_backend_laravel-10/vendor/laravel/framework/src/Illuminate/Database/Connection.php(533): Illuminate\\Database\\Connection->statement('insert into `te...', Array)
#3 /Users/sekiguchi/dev/tracking-app-dev/src_backend_laravel-10/vendor/laravel/framework/src/Illuminate/Database/Query/Builder.php(3322): Illuminate\\Database\\Connection->insert('insert into `te...', Array)
#4 /Users/sekiguchi/dev/tracking-app-dev/src_backend_laravel-10/vendor/laravel/telescope/src/Storage/DatabaseEntriesRepository.php(148): Illuminate\\Database\\Query\\Builder->insert(Array)
#5 /Users/sekiguchi/dev/tracking-app-dev/src_backend_laravel-10/vendor/laravel/framework/src/Illuminate/Collections/Traits/EnumeratesValues.php(236): Laravel\\Telescope\\Storage\\DatabaseEntriesRepository->Laravel\\Telescope\\Storage\\{closure}(Object(Illuminate\\Support\\Collection), 0)
#6 /Users/sekiguchi/dev/tracking-app-dev/src_backend_laravel-10/vendor/laravel/telescope/src/Storage/DatabaseEntriesRepository.php(149): Illuminate\\Support\\Collection->each(Object(Closure))
#7 /Users/sekiguchi/dev/tracking-app-dev/src_backend_laravel-10/vendor/laravel/telescope/src/Telescope.php(668): Laravel\\Telescope\\Storage\\DatabaseEntriesRepository->store(Object(Illuminate\\Support\\Collection))
#8 [internal function]: Laravel\\Telescope\\Telescope::Laravel\\Telescope\\{closure}()
#9 /Users/sekiguchi/dev/tracking-app-dev/src_backend_laravel-10/vendor/laravel/telescope/src/Telescope.php(293): call_user_func(Object(Closure))
#10 /Users/sekiguchi/dev/tracking-app-dev/src_backend_laravel-10/vendor/laravel/telescope/src/Telescope.php(683): Laravel\\Telescope\\Telescope::withoutRecording(Object(Closure))
#11 /Users/sekiguchi/dev/tracking-app-dev/src_backend_laravel-10/vendor/laravel/telescope/src/ListensForStorageOpportunities.php(65): Laravel\\Telescope\\Telescope::store(Object(Laravel\\Telescope\\Storage\\DatabaseEntriesRepository))
#12 /Users/sekiguchi/dev/tracking-app-dev/src_backend_laravel-10/vendor/laravel/framework/src/Illuminate/Container/BoundMethod.php(36): Laravel\\Telescope\\Telescope::Laravel\\Telescope\\{closure}()
#13 /Users/sekiguchi/dev/tracking-app-dev/src_backend_laravel-10/vendor/laravel/framework/src/Illuminate/Container/Util.php(41): Illuminate\\Container\\BoundMethod::Illuminate\\Container\\{closure}()
#14 /Users/sekiguchi/dev/tracking-app-dev/src_backend_laravel-10/vendor/laravel/framework/src/Illuminate/Container/BoundMethod.php(81): Illuminate\\Container\\Util::unwrapIfClosure(Object(Closure))
#15 /Users/sekiguchi/dev/tracking-app-dev/src_backend_laravel-10/vendor/laravel/framework/src/Illuminate/Container/BoundMethod.php(37): Illuminate\\Container\\BoundMethod::callBoundMethod(Object(Illuminate\\Foundation\\Application), Object(Closure), Object(Closure))
#16 /Users/sekiguchi/dev/tracking-app-dev/src_backend_laravel-10/vendor/laravel/framework/src/Illuminate/Container/Container.php(662): Illuminate\\Container\\BoundMethod::call(Object(Illuminate\\Foundation\\Application), Object(Closure), Array, NULL)
#17 /Users/sekiguchi/dev/tracking-app-dev/src_backend_laravel-10/vendor/laravel/framework/src/Illuminate/Foundation/Application.php(1250): Illuminate\\Container\\Container->call(Object(Closure))
#18 /Users/sekiguchi/dev/tracking-app-dev/src_backend_laravel-10/vendor/laravel/framework/src/Illuminate/Foundation/Console/Kernel.php(219): Illuminate\\Foundation\\Application->terminate()
#19 /Users/sekiguchi/dev/tracking-app-dev/src_backend_laravel-10/artisan(51): Illuminate\\Foundation\\Console\\Kernel->terminate(Object(Symfony\\Component\\Console\\Input\\ArgvInput), 0)
#20 {main}

[previous exception] [object] (PDOException(code: 42S02): SQLSTATE[42S02]: Base table or view not found: 1146 Table 'laravel.telescope_entries' doesn't exist at /Users/sekiguchi/dev/tracking-app-dev/src_backend_laravel-10/vendor/laravel/framework/src/Illuminate/Database/Connection.php:574)
[stacktrace]
#0 /Users/sekiguchi/dev/tracking-app-dev/src_backend_laravel-10/vendor/laravel/framework/src/Illuminate/Database/Connection.php(574): PDO->prepare('insert into `te...')
#1 /Users/sekiguchi/dev/tracking-app-dev/src_backend_laravel-10/vendor/laravel/framework/src/Illuminate/Database/Connection.php(788): Illuminate\\Database\\Connection->Illuminate\\Database\\{closure}('insert into `te...', Array)
#2 /Users/sekiguchi/dev/tracking-app-dev/src_backend_laravel-10/vendor/laravel/framework/src/Illuminate/Database/Connection.php(755): Illuminate\\Database\\Connection->runQueryCallback('insert into `te...', Array, Object(Closure))
#3 /Users/sekiguchi/dev/tracking-app-dev/src_backend_laravel-10/vendor/laravel/framework/src/Illuminate/Database/Connection.php(581): Illuminate\\Database\\Connection->run('insert into `te...', Array, Object(Closure))
#4 /Users/sekiguchi/dev/tracking-app-dev/src_backend_laravel-10/vendor/laravel/framework/src/Illuminate/Database/Connection.php(533): Illuminate\\Database\\Connection->statement('insert into `te...', Array)
#5 /Users/sekiguchi/dev/tracking-app-dev/src_backend_laravel-10/vendor/laravel/framework/src/Illuminate/Database/Query/Builder.php(3322): Illuminate\\Database\\Connection->insert('insert into `te...', Array)
#6 /Users/sekiguchi/dev/tracking-app-dev/src_backend_laravel-10/vendor/laravel/telescope/src/Storage/DatabaseEntriesRepository.php(148): Illuminate\\Database\\Query\\Builder->insert(Array)
#7 /Users/sekiguchi/dev/tracking-app-dev/src_backend_laravel-10/vendor/laravel/framework/src/Illuminate/Collections/Traits/EnumeratesValues.php(236): Laravel\\Telescope\\Storage\\DatabaseEntriesRepository->Laravel\\Telescope\\Storage\\{closure}(Object(Illuminate\\Support\\Collection), 0)
#8 /Users/sekiguchi/dev/tracking-app-dev/src_backend_laravel-10/vendor/laravel/telescope/src/Storage/DatabaseEntriesRepository.php(149): Illuminate\\Support\\Collection->each(Object(Closure))
#9 /Users/sekiguchi/dev/tracking-app-dev/src_backend_laravel-10/vendor/laravel/telescope/src/Telescope.php(668): Laravel\\Telescope\\Storage\\DatabaseEntriesRepository->store(Object(Illuminate\\Support\\Collection))
#10 [internal function]: Laravel\\Telescope\\Telescope::Laravel\\Telescope\\{closure}()
#11 /Users/sekiguchi/dev/tracking-app-dev/src_backend_laravel-10/vendor/laravel/telescope/src/Telescope.php(293): call_user_func(Object(Closure))
#12 /Users/sekiguchi/dev/tracking-app-dev/src_backend_laravel-10/vendor/laravel/telescope/src/Telescope.php(683): Laravel\\Telescope\\Telescope::withoutRecording(Object(Closure))
#13 /Users/sekiguchi/dev/tracking-app-dev/src_backend_laravel-10/vendor/laravel/telescope/src/ListensForStorageOpportunities.php(65): Laravel\\Telescope\\Telescope::store(Object(Laravel\\Telescope\\Storage\\DatabaseEntriesRepository))
#14 /Users/sekiguchi/dev/tracking-app-dev/src_backend_laravel-10/vendor/laravel/framework/src/Illuminate/Container/BoundMethod.php(36): Laravel\\Telescope\\Telescope::Laravel\\Telescope\\{closure}()
#15 /Users/sekiguchi/dev/tracking-app-dev/src_backend_laravel-10/vendor/laravel/framework/src/Illuminate/Container/Util.php(41): Illuminate\\Container\\BoundMethod::Illuminate\\Container\\{closure}()
#16 /Users/sekiguchi/dev/tracking-app-dev/src_backend_laravel-10/vendor/laravel/framework/src/Illuminate/Container/BoundMethod.php(81): Illuminate\\Container\\Util::unwrapIfClosure(Object(Closure))
#17 /Users/sekiguchi/dev/tracking-app-dev/src_backend_laravel-10/vendor/laravel/framework/src/Illuminate/Container/BoundMethod.php(37): Illuminate\\Container\\BoundMethod::callBoundMethod(Object(Illuminate\\Foundation\\Application), Object(Closure), Object(Closure))
#18 /Users/sekiguchi/dev/tracking-app-dev/src_backend_laravel-10/vendor/laravel/framework/src/Illuminate/Container/Container.php(662): Illuminate\\Container\\BoundMethod::call(Object(Illuminate\\Foundation\\Application), Object(Closure), Array, NULL)
#19 /Users/sekiguchi/dev/tracking-app-dev/src_backend_laravel-10/vendor/laravel/framework/src/Illuminate/Foundation/Application.php(1250): Illuminate\\Container\\Container->call(Object(Closure))
#20 /Users/sekiguchi/dev/tracking-app-dev/src_backend_laravel-10/vendor/laravel/framework/src/Illuminate/Foundation/Console/Kernel.php(219): Illuminate\\Foundation\\Application->terminate()
#21 /Users/sekiguchi/dev/tracking-app-dev/src_backend_laravel-10/artisan(51): Illuminate\\Foundation\\Console\\Kernel->terminate(Object(Symfony\\Component\\Console\\Input\\ArgvInput), 0)
#22 {main}
"} 
[2023-07-11 08:40:51] local.ERROR: SQLSTATE[42S02]: Base table or view not found: 1146 Table 'laravel.telescope_entries' doesn't exist (Connection: mysql, SQL: insert into `telescope_entries` (`batch_id`, `content`, `created_at`, `family_hash`, `type`, `uuid`) values (999dd9ed-1c8e-4513-856c-8ee5fe29d13a, {"command":"telescope:install","exit_code":0,"arguments":{"command":"telescope:install"},"options":{"help":false,"quiet":false,"verbose":false,"version":false,"ansi":null,"no-interaction":false,"env":null},"hostname":"MacBook.local"}, 2023-07-11 08:40:51, ?, command, 999dd9ed-18f5-4ef6-927d-4833ce2452ad)) {"exception":"[object] (Illuminate\\Database\\QueryException(code: 42S02): SQLSTATE[42S02]: Base table or view not found: 1146 Table 'laravel.telescope_entries' doesn't exist (Connection: mysql, SQL: insert into `telescope_entries` (`batch_id`, `content`, `created_at`, `family_hash`, `type`, `uuid`) values (999dd9ed-1c8e-4513-856c-8ee5fe29d13a, {\"command\":\"telescope:install\",\"exit_code\":0,\"arguments\":{\"command\":\"telescope:install\"},\"options\":{\"help\":false,\"quiet\":false,\"verbose\":false,\"version\":false,\"ansi\":null,\"no-interaction\":false,\"env\":null},\"hostname\":\"MacBook.local\"}, 2023-07-11 08:40:51, ?, command, 999dd9ed-18f5-4ef6-927d-4833ce2452ad)) at /Users/sekiguchi/dev/tracking-app-dev/src_backend_laravel-10/vendor/laravel/framework/src/Illuminate/Database/Connection.php:795)
[stacktrace]
#0 /Users/sekiguchi/dev/tracking-app-dev/src_backend_laravel-10/vendor/laravel/framework/src/Illuminate/Database/Connection.php(755): Illuminate\\Database\\Connection->runQueryCallback('insert into `te...', Array, Object(Closure))
#1 /Users/sekiguchi/dev/tracking-app-dev/src_backend_laravel-10/vendor/laravel/framework/src/Illuminate/Database/Connection.php(581): Illuminate\\Database\\Connection->run('insert into `te...', Array, Object(Closure))
#2 /Users/sekiguchi/dev/tracking-app-dev/src_backend_laravel-10/vendor/laravel/framework/src/Illuminate/Database/Connection.php(533): Illuminate\\Database\\Connection->statement('insert into `te...', Array)
#3 /Users/sekiguchi/dev/tracking-app-dev/src_backend_laravel-10/vendor/laravel/framework/src/Illuminate/Database/Query/Builder.php(3322): Illuminate\\Database\\Connection->insert('insert into `te...', Array)
#4 /Users/sekiguchi/dev/tracking-app-dev/src_backend_laravel-10/vendor/laravel/telescope/src/Storage/DatabaseEntriesRepository.php(148): Illuminate\\Database\\Query\\Builder->insert(Array)
#5 /Users/sekiguchi/dev/tracking-app-dev/src_backend_laravel-10/vendor/laravel/framework/src/Illuminate/Collections/Traits/EnumeratesValues.php(236): Laravel\\Telescope\\Storage\\DatabaseEntriesRepository->Laravel\\Telescope\\Storage\\{closure}(Object(Illuminate\\Support\\Collection), 0)
#6 /Users/sekiguchi/dev/tracking-app-dev/src_backend_laravel-10/vendor/laravel/telescope/src/Storage/DatabaseEntriesRepository.php(149): Illuminate\\Support\\Collection->each(Object(Closure))
#7 /Users/sekiguchi/dev/tracking-app-dev/src_backend_laravel-10/vendor/laravel/telescope/src/Telescope.php(668): Laravel\\Telescope\\Storage\\DatabaseEntriesRepository->store(Object(Illuminate\\Support\\Collection))
#8 [internal function]: Laravel\\Telescope\\Telescope::Laravel\\Telescope\\{closure}()
#9 /Users/sekiguchi/dev/tracking-app-dev/src_backend_laravel-10/vendor/laravel/telescope/src/Telescope.php(293): call_user_func(Object(Closure))
#10 /Users/sekiguchi/dev/tracking-app-dev/src_backend_laravel-10/vendor/laravel/telescope/src/Telescope.php(683): Laravel\\Telescope\\Telescope::withoutRecording(Object(Closure))
#11 /Users/sekiguchi/dev/tracking-app-dev/src_backend_laravel-10/vendor/laravel/telescope/src/ListensForStorageOpportunities.php(65): Laravel\\Telescope\\Telescope::store(Object(Laravel\\Telescope\\Storage\\DatabaseEntriesRepository))
#12 /Users/sekiguchi/dev/tracking-app-dev/src_backend_laravel-10/vendor/laravel/framework/src/Illuminate/Container/BoundMethod.php(36): Laravel\\Telescope\\Telescope::Laravel\\Telescope\\{closure}()
#13 /Users/sekiguchi/dev/tracking-app-dev/src_backend_laravel-10/vendor/laravel/framework/src/Illuminate/Container/Util.php(41): Illuminate\\Container\\BoundMethod::Illuminate\\Container\\{closure}()
#14 /Users/sekiguchi/dev/tracking-app-dev/src_backend_laravel-10/vendor/laravel/framework/src/Illuminate/Container/BoundMethod.php(81): Illuminate\\Container\\Util::unwrapIfClosure(Object(Closure))
#15 /Users/sekiguchi/dev/tracking-app-dev/src_backend_laravel-10/vendor/laravel/framework/src/Illuminate/Container/BoundMethod.php(37): Illuminate\\Container\\BoundMethod::callBoundMethod(Object(Illuminate\\Foundation\\Application), Object(Closure), Object(Closure))
#16 /Users/sekiguchi/dev/tracking-app-dev/src_backend_laravel-10/vendor/laravel/framework/src/Illuminate/Container/Container.php(662): Illuminate\\Container\\BoundMethod::call(Object(Illuminate\\Foundation\\Application), Object(Closure), Array, NULL)
#17 /Users/sekiguchi/dev/tracking-app-dev/src_backend_laravel-10/vendor/laravel/framework/src/Illuminate/Foundation/Application.php(1250): Illuminate\\Container\\Container->call(Object(Closure))
#18 /Users/sekiguchi/dev/tracking-app-dev/src_backend_laravel-10/vendor/laravel/framework/src/Illuminate/Foundation/Console/Kernel.php(219): Illuminate\\Foundation\\Application->terminate()
#19 /Users/sekiguchi/dev/tracking-app-dev/src_backend_laravel-10/artisan(51): Illuminate\\Foundation\\Console\\Kernel->terminate(Object(Symfony\\Component\\Console\\Input\\ArgvInput), 0)
#20 {main}

[previous exception] [object] (PDOException(code: 42S02): SQLSTATE[42S02]: Base table or view not found: 1146 Table 'laravel.telescope_entries' doesn't exist at /Users/sekiguchi/dev/tracking-app-dev/src_backend_laravel-10/vendor/laravel/framework/src/Illuminate/Database/Connection.php:574)
[stacktrace]
#0 /Users/sekiguchi/dev/tracking-app-dev/src_backend_laravel-10/vendor/laravel/framework/src/Illuminate/Database/Connection.php(574): PDO->prepare('insert into `te...')
#1 /Users/sekiguchi/dev/tracking-app-dev/src_backend_laravel-10/vendor/laravel/framework/src/Illuminate/Database/Connection.php(788): Illuminate\\Database\\Connection->Illuminate\\Database\\{closure}('insert into `te...', Array)
#2 /Users/sekiguchi/dev/tracking-app-dev/src_backend_laravel-10/vendor/laravel/framework/src/Illuminate/Database/Connection.php(755): Illuminate\\Database\\Connection->runQueryCallback('insert into `te...', Array, Object(Closure))
#3 /Users/sekiguchi/dev/tracking-app-dev/src_backend_laravel-10/vendor/laravel/framework/src/Illuminate/Database/Connection.php(581): Illuminate\\Database\\Connection->run('insert into `te...', Array, Object(Closure))
#4 /Users/sekiguchi/dev/tracking-app-dev/src_backend_laravel-10/vendor/laravel/framework/src/Illuminate/Database/Connection.php(533): Illuminate\\Database\\Connection->statement('insert into `te...', Array)
#5 /Users/sekiguchi/dev/tracking-app-dev/src_backend_laravel-10/vendor/laravel/framework/src/Illuminate/Database/Query/Builder.php(3322): Illuminate\\Database\\Connection->insert('insert into `te...', Array)
#6 /Users/sekiguchi/dev/tracking-app-dev/src_backend_laravel-10/vendor/laravel/telescope/src/Storage/DatabaseEntriesRepository.php(148): Illuminate\\Database\\Query\\Builder->insert(Array)
#7 /Users/sekiguchi/dev/tracking-app-dev/src_backend_laravel-10/vendor/laravel/framework/src/Illuminate/Collections/Traits/EnumeratesValues.php(236): Laravel\\Telescope\\Storage\\DatabaseEntriesRepository->Laravel\\Telescope\\Storage\\{closure}(Object(Illuminate\\Support\\Collection), 0)
#8 /Users/sekiguchi/dev/tracking-app-dev/src_backend_laravel-10/vendor/laravel/telescope/src/Storage/DatabaseEntriesRepository.php(149): Illuminate\\Support\\Collection->each(Object(Closure))
#9 /Users/sekiguchi/dev/tracking-app-dev/src_backend_laravel-10/vendor/laravel/telescope/src/Telescope.php(668): Laravel\\Telescope\\Storage\\DatabaseEntriesRepository->store(Object(Illuminate\\Support\\Collection))
#10 [internal function]: Laravel\\Telescope\\Telescope::Laravel\\Telescope\\{closure}()
#11 /Users/sekiguchi/dev/tracking-app-dev/src_backend_laravel-10/vendor/laravel/telescope/src/Telescope.php(293): call_user_func(Object(Closure))
#12 /Users/sekiguchi/dev/tracking-app-dev/src_backend_laravel-10/vendor/laravel/telescope/src/Telescope.php(683): Laravel\\Telescope\\Telescope::withoutRecording(Object(Closure))
#13 /Users/sekiguchi/dev/tracking-app-dev/src_backend_laravel-10/vendor/laravel/telescope/src/ListensForStorageOpportunities.php(65): Laravel\\Telescope\\Telescope::store(Object(Laravel\\Telescope\\Storage\\DatabaseEntriesRepository))
#14 /Users/sekiguchi/dev/tracking-app-dev/src_backend_laravel-10/vendor/laravel/framework/src/Illuminate/Container/BoundMethod.php(36): Laravel\\Telescope\\Telescope::Laravel\\Telescope\\{closure}()
#15 /Users/sekiguchi/dev/tracking-app-dev/src_backend_laravel-10/vendor/laravel/framework/src/Illuminate/Container/Util.php(41): Illuminate\\Container\\BoundMethod::Illuminate\\Container\\{closure}()
#16 /Users/sekiguchi/dev/tracking-app-dev/src_backend_laravel-10/vendor/laravel/framework/src/Illuminate/Container/BoundMethod.php(81): Illuminate\\Container\\Util::unwrapIfClosure(Object(Closure))
#17 /Users/sekiguchi/dev/tracking-app-dev/src_backend_laravel-10/vendor/laravel/framework/src/Illuminate/Container/BoundMethod.php(37): Illuminate\\Container\\BoundMethod::callBoundMethod(Object(Illuminate\\Foundation\\Application), Object(Closure), Object(Closure))
#18 /Users/sekiguchi/dev/tracking-app-dev/src_backend_laravel-10/vendor/laravel/framework/src/Illuminate/Container/Container.php(662): Illuminate\\Container\\BoundMethod::call(Object(Illuminate\\Foundation\\Application), Object(Closure), Array, NULL)
#19 /Users/sekiguchi/dev/tracking-app-dev/src_backend_laravel-10/vendor/laravel/framework/src/Illuminate/Foundation/Application.php(1250): Illuminate\\Container\\Container->call(Object(Closure))
#20 /Users/sekiguchi/dev/tracking-app-dev/src_backend_laravel-10/vendor/laravel/framework/src/Illuminate/Foundation/Console/Kernel.php(219): Illuminate\\Foundation\\Application->terminate()
#21 /Users/sekiguchi/dev/tracking-app-dev/src_backend_laravel-10/artisan(51): Illuminate\\Foundation\\Console\\Kernel->terminate(Object(Symfony\\Component\\Console\\Input\\ArgvInput), 0)
#22 {main}
"} 
